<?xml version="1.0" encoding="utf-8"?><testsuites name="pytest tests"><testsuite name="pytest" errors="0" failures="0" skipped="0" tests="11" time="6.602" timestamp="2026-02-14T01:06:52.609875+00:00" hostname="agent-env-150433ae-f6f6-4f16-8828-b055a74f5e22"><testcase classname="tests.test_admin_account_settings.TestAdminAuthentication" name="test_missing_admin_key_returns_401" time="0.194" /><testcase classname="tests.test_admin_account_settings.TestAdminAuthentication" name="test_invalid_admin_key_returns_401" time="0.130" /><testcase classname="tests.test_admin_account_settings.TestAdminAuthentication" name="test_valid_admin_key_authenticates" time="0.134" /><testcase classname="tests.test_admin_account_settings.TestAdminAccountSettings" name="test_get_admin_settings" time="0.373" /><testcase classname="tests.test_admin_account_settings.TestAdminAccountSettings" name="test_update_admin_settings" time="0.271" /><testcase classname="tests.test_admin_account_settings.TestAdminAccountSettings" name="test_toggle_notifications_back" time="0.119" /><testcase classname="tests.test_admin_account_settings.TestAdminKeyChange" name="test_change_key_short_password_returns_400" time="0.115" /><testcase classname="tests.test_admin_account_settings.TestAdminKeyChange" name="test_change_key_wrong_current_key_returns_401" time="0.116" /><testcase classname="tests.test_admin_account_settings.TestAdminKeyChange" name="test_change_key_success_and_new_key_auth" time="1.079" /><testcase classname="tests.test_admin_account_settings.TestVerifyAdminDualAuth" name="test_env_var_key_works" time="0.116" /><testcase classname="tests.test_admin_account_settings.TestVerifyAdminDualAuth" name="test_database_stored_hash_works" time="3.904" /></testsuite></testsuites>