<?xml version="1.0" encoding="utf-8"?><testsuites name="pytest tests"><testsuite name="pytest" errors="0" failures="0" skipped="0" tests="18" time="5.470" timestamp="2026-02-18T19:29:46.522536+00:00" hostname="agent-env-150433ae-f6f6-4f16-8828-b055a74f5e22"><testcase classname="backend.tests.test_anticheat_batch12.TestStepClaimRateLimiting" name="test_step_claim_rate_limit_blocks_second_immediate_claim" time="0.502" /><testcase classname="backend.tests.test_anticheat_batch12.TestStepClaimSanityChecks" name="test_step_claim_rejects_too_few_steps" time="0.383" /><testcase classname="backend.tests.test_anticheat_batch12.TestStepClaimSanityChecks" name="test_step_claim_rejects_too_many_steps" time="0.319" /><testcase classname="backend.tests.test_anticheat_batch12.TestStepClaimSanityChecks" name="test_step_claim_accepts_valid_range" time="0.397" /><testcase classname="backend.tests.test_anticheat_batch12.TestStepClaimReturnsRemainingCap" name="test_step_claim_returns_daily_zwap_remaining" time="0.307" /><testcase classname="backend.tests.test_anticheat_batch12.TestGameResultRateLimiting" name="test_game_result_rate_limit_blocks_rapid_submissions" time="0.471" /><testcase classname="backend.tests.test_anticheat_batch12.TestGameResultSanityChecks" name="test_zbrickles_rejects_impossible_score" time="0.303" /><testcase classname="backend.tests.test_anticheat_batch12.TestGameResultSanityChecks" name="test_ztrivia_rejects_impossible_score" time="0.485" /><testcase classname="backend.tests.test_anticheat_batch12.TestGameResultSanityChecks" name="test_ztetris_rejects_impossible_score" time="0.343" /><testcase classname="backend.tests.test_anticheat_batch12.TestGameResultSanityChecks" name="test_zslots_rejects_impossible_score" time="0.355" /><testcase classname="backend.tests.test_anticheat_batch12.TestDailyZwapCap" name="test_game_result_returns_daily_remaining_fields" time="0.279" /><testcase classname="backend.tests.test_anticheat_batch12.TestTriviaEndpoints" name="test_get_trivia_questions_returns_session_id" time="0.129" /><testcase classname="backend.tests.test_anticheat_batch12.TestTriviaEndpoints" name="test_trivia_questions_have_module_names" time="0.149" /><testcase classname="backend.tests.test_anticheat_batch12.TestTriviaEndpoints" name="test_trivia_answer_validates_server_side" time="0.200" /><testcase classname="backend.tests.test_anticheat_batch12.TestTriviaEndpoints" name="test_trivia_answer_returns_wrong_for_incorrect" time="0.126" /><testcase classname="backend.tests.test_anticheat_batch12.TestSwapPricesUSDT" name="test_swap_prices_includes_usdt" time="0.301" /><testcase classname="backend.tests.test_anticheat_batch12.TestBasicHealth" name="test_api_health" time="0.178" /><testcase classname="backend.tests.test_anticheat_batch12.TestBasicHealth" name="test_tiers_endpoint" time="0.156" /></testsuite></testsuites>