<?xml version="1.0" encoding="utf-8"?><testsuites name="pytest tests"><testsuite name="pytest" errors="0" failures="0" skipped="0" tests="20" time="5.852" timestamp="2026-02-18T18:57:32.162131+00:00" hostname="agent-env-150433ae-f6f6-4f16-8828-b055a74f5e22"><testcase classname="backend.tests.test_api_endpoints.TestHealthAndBasicEndpoints" name="test_api_health" time="0.219" /><testcase classname="backend.tests.test_api_endpoints.TestHealthAndBasicEndpoints" name="test_api_root" time="0.200" /><testcase classname="backend.tests.test_api_endpoints.TestHealthAndBasicEndpoints" name="test_get_tiers" time="0.155" /><testcase classname="backend.tests.test_api_endpoints.TestUserEndpoints" name="test_connect_wallet_new_user" time="0.202" /><testcase classname="backend.tests.test_api_endpoints.TestUserEndpoints" name="test_connect_wallet_existing_user" time="0.487" /><testcase classname="backend.tests.test_api_endpoints.TestUserEndpoints" name="test_get_user" time="0.310" /><testcase classname="backend.tests.test_api_endpoints.TestUserEndpoints" name="test_get_user_not_found" time="0.204" /><testcase classname="backend.tests.test_api_endpoints.TestShopEndpoints" name="test_get_shop_items" time="0.261" /><testcase classname="backend.tests.test_api_endpoints.TestShopEndpoints" name="test_shop_item_categories" time="0.214" /><testcase classname="backend.tests.test_api_endpoints.TestSwapEndpoints" name="test_get_swap_prices" time="0.337" /><testcase classname="backend.tests.test_api_endpoints.TestGameEndpoints" name="test_get_trivia_questions" time="0.150" /><testcase classname="backend.tests.test_api_endpoints.TestGameEndpoints" name="test_submit_game_result_zbrickles" time="0.368" /><testcase classname="backend.tests.test_api_endpoints.TestGameEndpoints" name="test_submit_game_result_ztrivia" time="0.256" /><testcase classname="backend.tests.test_api_endpoints.TestGameEndpoints" name="test_submit_game_result_ztetris_starter_blocked" time="0.287" /><testcase classname="backend.tests.test_api_endpoints.TestGameEndpoints" name="test_submit_game_result_zslots_starter_blocked" time="0.479" /><testcase classname="backend.tests.test_api_endpoints.TestMoveEndpoints" name="test_claim_step_rewards" time="0.320" /><testcase classname="backend.tests.test_api_endpoints.TestLeaderboardEndpoints" name="test_get_leaderboard_stats" time="0.124" /><testcase classname="backend.tests.test_api_endpoints.TestLeaderboardEndpoints" name="test_get_leaderboard_earned" time="0.148" /><testcase classname="backend.tests.test_api_endpoints.TestBlockchainEndpoints" name="test_get_contract_info" time="0.707" /><testcase classname="backend.tests.test_api_endpoints.TestZPtsConversion" name="test_convert_zpts_insufficient" time="0.330" /></testsuite></testsuites>