<?xml version="1.0" encoding="utf-8"?><testsuites name="pytest tests"><testsuite name="pytest" errors="0" failures="0" skipped="0" tests="14" time="1.989" timestamp="2026-01-10T22:10:09.957616+00:00" hostname="agent-env-3e03e618-5849-47e5-be27-7cc905ea75a5"><testcase classname="tests.test_blockchain_and_core.TestHealthAndRoot" name="test_health_endpoint" time="0.077" /><testcase classname="tests.test_blockchain_and_core.TestHealthAndRoot" name="test_root_endpoint" time="0.040" /><testcase classname="tests.test_blockchain_and_core.TestBlockchainEndpoints" name="test_contract_info_returns_connected" time="0.428" /><testcase classname="tests.test_blockchain_and_core.TestBlockchainEndpoints" name="test_balance_endpoint_valid_address" time="0.149" /><testcase classname="tests.test_blockchain_and_core.TestBlockchainEndpoints" name="test_balance_endpoint_zero_address" time="0.183" /><testcase classname="tests.test_blockchain_and_core.TestBlockchainEndpoints" name="test_balance_endpoint_random_address" time="0.174" /><testcase classname="tests.test_blockchain_and_core.TestUserEndpoints" name="test_connect_wallet_creates_user" time="0.057" /><testcase classname="tests.test_blockchain_and_core.TestUserEndpoints" name="test_get_user_returns_user" time="0.116" /><testcase classname="tests.test_blockchain_and_core.TestUserEndpoints" name="test_get_user_not_found" time="0.037" /><testcase classname="tests.test_blockchain_and_core.TestTiersEndpoint" name="test_get_tiers" time="0.037" /><testcase classname="tests.test_blockchain_and_core.TestSwapEndpoints" name="test_get_prices" time="0.226" /><testcase classname="tests.test_blockchain_and_core.TestShopEndpoints" name="test_get_shop_items" time="0.055" /><testcase classname="tests.test_blockchain_and_core.TestLeaderboardEndpoints" name="test_get_leaderboard_stats" time="0.039" /><testcase classname="tests.test_blockchain_and_core.TestLeaderboardEndpoints" name="test_get_leaderboard_by_category" time="0.193" /></testsuite></testsuites>